date: "2014-12-24 10:01:09.475"
argv: node /usr/local/bin/hexo s
os: Linux 3.13.0-37-generic linux x64
versions:
  http_parser: "1.0"
  node: 0.10.33
  v8: 3.14.5.9
  ares: 1.9.0-DEV
  uv: 0.10.29
  zlib: 1.2.3
  modules: "11"
  openssl: 1.0.1j
  hexo: 2.8.3
---
[debug] 10:01:08.382 Config file loaded from /home/ryan/gitrepo/blog/_config.yml[debug] 10:01:08.392 Version info checked successfully[debug] 10:01:08.450 Loading database.[debug] 10:01:08.592 Processed: draft.md (7ms)[debug] 10:01:08.593 Processed: page.md (6ms)[debug] 10:01:08.597 Processed: photo.md (9ms)[debug] 10:01:08.597 Processed: post.md (9ms)[debug] 10:01:08.721 Plugin loaded successfully: hexo-renderer-ejs[debug] 10:01:08.794 Plugin loaded successfully: hexo-renderer-marked[debug] 10:01:09.223 Plugin loaded successfully: hexo-renderer-stylus[debug] 10:01:09.230 Script load successfully: fancybox.js[debug] 10:01:09.293 Processed: _posts/hello-world.md (11ms)[debug] 10:01:09.349 Processed: source/js/script.js (3ms)[debug] 10:01:09.349 Processed: source/css/_extend.styl (0ms)[debug] 10:01:09.350 Processed: source/css/_variables.styl (1ms)[debug] 10:01:09.350 Processed: source/css/style.styl (0ms)[debug] 10:01:09.351 Processed: source/css/_partial/archive.styl (0ms)[debug] 10:01:09.351 Processed: source/css/_partial/article.styl (0ms)[debug] 10:01:09.351 Processed: source/css/_partial/comment.styl (0ms)[debug] 10:01:09.352 Processed: source/css/_partial/footer.styl (1ms)[debug] 10:01:09.352 Processed: source/css/_partial/header.styl (0ms)[debug] 10:01:09.352 Processed: source/css/_partial/highlight.styl (0ms)[debug] 10:01:09.352 Processed: source/css/_partial/mobile.styl (0ms)[debug] 10:01:09.353 Processed: source/css/_partial/sidebar-aside.styl (1ms)[debug] 10:01:09.353 Processed: source/css/_partial/sidebar-bottom.styl (0ms)[debug] 10:01:09.353 Processed: source/css/_partial/sidebar.styl (0ms)[debug] 10:01:09.353 Processed: source/css/_util/grid.styl (0ms)[debug] 10:01:09.354 Processed: source/css/_util/mixin.styl (1ms)[debug] 10:01:09.354 Processed: source/css/fonts/FontAwesome.otf (0ms)[debug] 10:01:09.355 Processed: source/css/fonts/fontawesome-webfont.eot (1ms)[debug] 10:01:09.355 Processed: source/css/fonts/fontawesome-webfont.svg (0ms)[debug] 10:01:09.356 Processed: source/css/fonts/fontawesome-webfont.ttf (1ms)[debug] 10:01:09.356 Processed: source/css/fonts/fontawesome-webfont.woff (0ms)[debug] 10:01:09.357 Processed: source/css/images/banner.jpg (0ms)[debug] 10:01:09.357 Processed: source/fancybox/blank.gif (0ms)[debug] 10:01:09.357 Processed: source/fancybox/fancybox_loading.gif (0ms)[debug] 10:01:09.358 Processed: source/fancybox/fancybox_loading@2x.gif (1ms)[debug] 10:01:09.358 Processed: source/fancybox/fancybox_overlay.png (0ms)[debug] 10:01:09.359 Processed: source/fancybox/fancybox_sprite.png (1ms)[debug] 10:01:09.359 Processed: source/fancybox/fancybox_sprite@2x.png (0ms)[debug] 10:01:09.360 Processed: source/fancybox/jquery.fancybox.css (1ms)[debug] 10:01:09.360 Processed: source/fancybox/jquery.fancybox.js (0ms)[debug] 10:01:09.361 Processed: source/fancybox/jquery.fancybox.pack.js (1ms)[debug] 10:01:09.361 Processed: source/fancybox/helpers/fancybox_buttons.png (0ms)[debug] 10:01:09.362 Processed: source/fancybox/helpers/jquery.fancybox-buttons.css (0ms)[debug] 10:01:09.363 Processed: source/fancybox/helpers/jquery.fancybox-buttons.js (1ms)[debug] 10:01:09.363 Processed: source/fancybox/helpers/jquery.fancybox-media.js (0ms)[debug] 10:01:09.364 Processed: source/fancybox/helpers/jquery.fancybox-thumbs.css (1ms)[debug] 10:01:09.366 Processed: source/fancybox/helpers/jquery.fancybox-thumbs.js (2ms)[debug] 10:01:09.367 Processed: source/css/images/whistler.jpg (1ms)[debug] 10:01:09.377 Processed: layout/archive.ejs (45ms)[debug] 10:01:09.378 Processed: layout/category.ejs (45ms)[debug] 10:01:09.378 Processed: layout/index.ejs (45ms)[debug] 10:01:09.378 Processed: layout/layout.ejs (44ms)[debug] 10:01:09.378 Processed: layout/page.ejs (44ms)[debug] 10:01:09.378 Processed: layout/post.ejs (44ms)[debug] 10:01:09.378 Processed: layout/tag.ejs (43ms)[debug] 10:01:09.378 Processed: layout/_widget/archive.ejs (43ms)[debug] 10:01:09.378 Processed: layout/_widget/category.ejs (43ms)[debug] 10:01:09.378 Processed: layout/_widget/recent_posts.ejs (42ms)[debug] 10:01:09.379 Processed: layout/_widget/tag.ejs (43ms)[debug] 10:01:09.379 Processed: layout/_widget/tagcloud.ejs (43ms)[debug] 10:01:09.379 Processed: layout/_partial/after-footer.ejs (41ms)[debug] 10:01:09.379 Processed: layout/_partial/archive-post.ejs (40ms)[debug] 10:01:09.379 Processed: layout/_partial/archive.ejs (40ms)[debug] 10:01:09.379 Processed: layout/_partial/article.ejs (40ms)[debug] 10:01:09.379 Processed: layout/_partial/footer.ejs (39ms)[debug] 10:01:09.379 Processed: layout/_partial/google-analytics.ejs (39ms)[debug] 10:01:09.379 Processed: layout/_partial/head.ejs (39ms)[debug] 10:01:09.379 Processed: layout/_partial/header.ejs (38ms)[debug] 10:01:09.380 Processed: layout/_partial/mobile-nav.ejs (39ms)[debug] 10:01:09.380 Processed: layout/_partial/sidebar.ejs (38ms)[debug] 10:01:09.380 Processed: layout/_partial/post/date.ejs (38ms)[debug] 10:01:09.380 Processed: layout/_partial/post/category.ejs (38ms)[debug] 10:01:09.380 Processed: layout/_partial/post/gallery.ejs (37ms)[debug] 10:01:09.380 Processed: layout/_partial/post/nav.ejs (35ms)[debug] 10:01:09.380 Processed: layout/_partial/post/tag.ejs (35ms)[debug] 10:01:09.381 Processed: layout/_partial/post/title.ejs (35ms)[debug] 10:01:09.383 Theme config loaded[debug] 10:01:09.383 Processed: _config.yml (52ms)[debug] 10:01:09.404 Generator: archive (12ms)[debug] 10:01:09.405 Generator: category (0ms)[debug] 10:01:09.407 Generator: home (2ms)[debug] 10:01:09.408 Generator: page (1ms)[debug] 10:01:09.424 Generator: post (16ms)[debug] 10:01:09.425 Generator: tag (1ms)[debug] 10:01:09.438 Generator: asset (13ms)[error] 10:01:09.454 HexoError: Port 4000 has been used. Try other port instead.
Error: listen EADDRINUSE
    at errnoException (net.js:904:11)
    at Server._listen2 (net.js:1042:14)
    at listen (net.js:1064:10)
    at net.js:1146:9
    at asyncCallback (dns.js:68:16)
    at Object.onanswer [as oncomplete] (dns.js:121:9)
